<?xml version="1.0" encoding="UTF-8"?>
<testng-results ignored="0" total="3" passed="3" failed="0" skipped="0">
  <reporter-output>
  </reporter-output>
  <suite started-at="2025-04-25T12:15:05 IST" name="Default suite" finished-at="2025-04-25T12:15:05 IST" duration-ms="62">
    <groups>
    </groups>
    <test started-at="2025-04-25T12:15:05 IST" name="Default test" finished-at="2025-04-25T12:15:05 IST" duration-ms="62">
      <class name="org.tcs.AutomaticRerun">
        <test-method signature="tc1()[pri:0, instance:org.tcs.AutomaticRerun@dd8ba08]" started-at="2025-04-25T12:15:05 IST" name="tc1" finished-at="2025-04-25T12:15:05 IST" duration-ms="11" status="PASS">
          <reporter-output>
          </reporter-output>
        </test-method> <!-- tc1 -->
        <test-method signature="tc2()[pri:0, instance:org.tcs.AutomaticRerun@dd8ba08]" started-at="2025-04-25T12:15:05 IST" name="tc2" finished-at="2025-04-25T12:15:05 IST" duration-ms="3" status="PASS">
          <reporter-output>
          </reporter-output>
        </test-method> <!-- tc2 -->
        <test-method signature="tc3()[pri:0, instance:org.tcs.AutomaticRerun@dd8ba08]" started-at="2025-04-25T12:15:05 IST" name="tc3" finished-at="2025-04-25T12:15:05 IST" duration-ms="2" status="PASS">
          <reporter-output>
          </reporter-output>
        </test-method> <!-- tc3 -->
      </class> <!-- org.tcs.AutomaticRerun -->
    </test> <!-- Default test -->
  </suite> <!-- Default suite -->
</testng-results>
